mode: set
github.com/b0shka/services/internal/config/config.go:87.53,88.52 1 1
github.com/b0shka/services/internal/config/config.go:88.52,90.3 1 0
github.com/b0shka/services/internal/config/config.go:92.2,94.46 2 1
github.com/b0shka/services/internal/config/config.go:94.46,96.3 1 0
github.com/b0shka/services/internal/config/config.go:98.2,98.37 1 1
github.com/b0shka/services/internal/config/config.go:98.37,99.41 1 0
github.com/b0shka/services/internal/config/config.go:99.41,101.4 1 0
github.com/b0shka/services/internal/config/config.go:104.2,104.40 1 1
github.com/b0shka/services/internal/config/config.go:104.40,106.3 1 0
github.com/b0shka/services/internal/config/config.go:108.2,108.18 1 1
github.com/b0shka/services/internal/config/config.go:111.43,116.2 3 1
github.com/b0shka/services/pkg/hash/hasher.go:20.51,21.31 1 1
github.com/b0shka/services/pkg/hash/hasher.go:21.31,23.3 1 1
github.com/b0shka/services/pkg/hash/hasher.go:25.2,25.39 1 1
github.com/b0shka/services/pkg/hash/hasher.go:28.62,31.52 2 1
github.com/b0shka/services/pkg/hash/hasher.go:31.52,33.3 1 0
github.com/b0shka/services/pkg/hash/hasher.go:35.2,35.57 1 1
github.com/b0shka/services/pkg/auth/jwt_manager.go:21.55,22.41 1 1
github.com/b0shka/services/pkg/auth/jwt_manager.go:22.41,24.3 1 1
github.com/b0shka/services/pkg/auth/jwt_manager.go:26.2,26.47 1 1
github.com/b0shka/services/pkg/auth/jwt_manager.go:29.111,31.16 2 1
github.com/b0shka/services/pkg/auth/jwt_manager.go:31.16,33.3 1 0
github.com/b0shka/services/pkg/auth/jwt_manager.go:35.2,38.28 3 1
github.com/b0shka/services/pkg/auth/jwt_manager.go:41.66,42.57 1 1
github.com/b0shka/services/pkg/auth/jwt_manager.go:42.57,44.10 2 1
github.com/b0shka/services/pkg/auth/jwt_manager.go:44.10,46.4 1 1
github.com/b0shka/services/pkg/auth/jwt_manager.go:48.3,48.34 1 1
github.com/b0shka/services/pkg/auth/jwt_manager.go:51.2,52.16 2 1
github.com/b0shka/services/pkg/auth/jwt_manager.go:52.16,56.58 3 1
github.com/b0shka/services/pkg/auth/jwt_manager.go:56.58,58.4 1 1
github.com/b0shka/services/pkg/auth/jwt_manager.go:60.3,60.37 1 1
github.com/b0shka/services/pkg/auth/jwt_manager.go:63.2,64.9 2 1
github.com/b0shka/services/pkg/auth/jwt_manager.go:64.9,66.3 1 0
github.com/b0shka/services/pkg/auth/jwt_manager.go:68.2,68.21 1 1
github.com/b0shka/services/pkg/auth/paseto_manager.go:18.61,19.51 1 1
github.com/b0shka/services/pkg/auth/paseto_manager.go:19.51,21.3 1 1
github.com/b0shka/services/pkg/auth/paseto_manager.go:23.2,26.8 1 1
github.com/b0shka/services/pkg/auth/paseto_manager.go:29.114,31.16 2 1
github.com/b0shka/services/pkg/auth/paseto_manager.go:31.16,33.3 1 0
github.com/b0shka/services/pkg/auth/paseto_manager.go:35.2,37.28 2 1
github.com/b0shka/services/pkg/auth/paseto_manager.go:40.69,44.16 3 1
github.com/b0shka/services/pkg/auth/paseto_manager.go:44.16,46.3 1 1
github.com/b0shka/services/pkg/auth/paseto_manager.go:48.2,49.16 2 1
github.com/b0shka/services/pkg/auth/paseto_manager.go:49.16,51.3 1 1
github.com/b0shka/services/pkg/auth/paseto_manager.go:53.2,53.21 1 1
github.com/b0shka/services/pkg/auth/payload.go:18.86,29.2 3 1
github.com/b0shka/services/pkg/auth/payload.go:31.39,32.41 1 1
github.com/b0shka/services/pkg/auth/payload.go:32.41,34.3 1 1
github.com/b0shka/services/pkg/auth/payload.go:36.2,36.12 1 1
github.com/b0shka/services/internal/repository/accounts.go:19.56,21.2 1 1
github.com/b0shka/services/internal/repository/accounts.go:23.29,30.2 5 0
github.com/b0shka/services/internal/repository/accounts.go:32.92,36.16 3 0
github.com/b0shka/services/internal/repository/accounts.go:36.16,37.43 1 0
github.com/b0shka/services/internal/repository/accounts.go:37.43,39.4 1 0
github.com/b0shka/services/internal/repository/accounts.go:40.3,40.20 1 0
github.com/b0shka/services/internal/repository/accounts.go:43.2,43.19 1 0
github.com/b0shka/services/internal/repository/accounts.go:46.88,49.2 2 0
github.com/b0shka/services/internal/repository/accounts.go:51.107,56.2 3 0
github.com/b0shka/services/internal/repository/accounts.go:58.122,62.16 3 0
github.com/b0shka/services/internal/repository/accounts.go:62.16,64.3 1 0
github.com/b0shka/services/internal/repository/accounts.go:66.2,66.48 1 0
github.com/b0shka/services/internal/repository/accounts.go:66.48,68.3 1 0
github.com/b0shka/services/internal/repository/accounts.go:70.2,70.22 1 0
github.com/b0shka/services/internal/repository/accounts.go:73.88,76.2 2 0
github.com/b0shka/services/internal/repository/accounts.go:78.88,81.2 2 0
github.com/b0shka/services/internal/repository/accounts.go:83.97,87.16 3 0
github.com/b0shka/services/internal/repository/accounts.go:87.16,89.3 1 0
github.com/b0shka/services/internal/repository/accounts.go:91.2,91.48 1 0
github.com/b0shka/services/internal/repository/accounts.go:91.48,93.3 1 0
github.com/b0shka/services/internal/repository/accounts.go:95.2,95.35 1 0
github.com/b0shka/services/internal/repository/accounts.go:95.35,102.54 6 0
github.com/b0shka/services/internal/repository/accounts.go:102.54,104.4 1 0
github.com/b0shka/services/internal/repository/accounts.go:107.2,107.12 1 0
github.com/b0shka/services/internal/repository/accounts.go:110.114,113.2 2 0
github.com/b0shka/services/internal/repository/accounts.go:115.103,119.16 3 0
github.com/b0shka/services/internal/repository/accounts.go:119.16,121.3 1 0
github.com/b0shka/services/internal/repository/accounts.go:123.2,123.25 1 0
github.com/b0shka/services/internal/repository/folders.go:15.54,17.2 1 1
github.com/b0shka/services/internal/repository/folders.go:19.103,23.16 3 0
github.com/b0shka/services/internal/repository/folders.go:23.16,25.3 1 0
github.com/b0shka/services/internal/repository/folders.go:27.2,27.47 1 0
github.com/b0shka/services/internal/repository/folders.go:27.47,29.3 1 0
github.com/b0shka/services/internal/repository/folders.go:31.2,31.21 1 0
github.com/b0shka/services/internal/repository/folders.go:34.80,38.16 3 0
github.com/b0shka/services/internal/repository/folders.go:38.16,40.3 1 0
github.com/b0shka/services/internal/repository/folders.go:42.2,42.47 1 0
github.com/b0shka/services/internal/repository/folders.go:42.47,44.3 1 0
github.com/b0shka/services/internal/repository/folders.go:46.2,46.21 1 0
github.com/b0shka/services/internal/repository/folders.go:49.120,55.39 5 0
github.com/b0shka/services/internal/repository/folders.go:55.39,57.3 1 0
github.com/b0shka/services/internal/repository/folders.go:57.8,59.3 1 0
github.com/b0shka/services/internal/repository/folders.go:60.2,60.16 1 0
github.com/b0shka/services/internal/repository/folders.go:60.16,62.3 1 0
github.com/b0shka/services/internal/repository/folders.go:64.2,64.48 1 0
github.com/b0shka/services/internal/repository/folders.go:64.48,66.3 1 0
github.com/b0shka/services/internal/repository/folders.go:68.2,68.35 1 0
github.com/b0shka/services/internal/repository/folders.go:68.35,70.38 2 0
github.com/b0shka/services/internal/repository/folders.go:70.38,72.4 1 0
github.com/b0shka/services/internal/repository/folders.go:72.9,74.4 1 0
github.com/b0shka/services/internal/repository/folders.go:77.2,77.27 1 0
github.com/b0shka/services/internal/repository/folders.go:80.79,83.2 2 0
github.com/b0shka/services/internal/repository/folders.go:85.110,90.16 4 0
github.com/b0shka/services/internal/repository/folders.go:90.16,92.3 1 0
github.com/b0shka/services/internal/repository/folders.go:94.2,94.24 1 0
github.com/b0shka/services/internal/repository/folders.go:94.24,96.17 2 0
github.com/b0shka/services/internal/repository/folders.go:96.17,98.4 1 0
github.com/b0shka/services/internal/repository/folders.go:100.3,101.17 2 0
github.com/b0shka/services/internal/repository/folders.go:101.17,103.4 1 0
github.com/b0shka/services/internal/repository/folders.go:105.3,105.36 1 0
github.com/b0shka/services/internal/repository/folders.go:106.8,108.3 1 0
github.com/b0shka/services/internal/repository/folders.go:110.2,110.20 1 0
github.com/b0shka/services/internal/repository/folders.go:113.121,117.16 3 0
github.com/b0shka/services/internal/repository/folders.go:117.16,119.3 1 0
github.com/b0shka/services/internal/repository/folders.go:121.2,121.48 1 0
github.com/b0shka/services/internal/repository/folders.go:121.48,123.3 1 0
github.com/b0shka/services/internal/repository/folders.go:125.2,125.22 1 0
github.com/b0shka/services/internal/repository/folders.go:128.97,131.2 2 0
github.com/b0shka/services/internal/repository/folders.go:133.99,136.2 2 0
github.com/b0shka/services/internal/repository/folders.go:138.103,141.2 2 0
github.com/b0shka/services/internal/repository/folders.go:143.115,146.2 2 0
github.com/b0shka/services/internal/repository/folders.go:148.109,151.2 2 0
github.com/b0shka/services/internal/repository/folders.go:153.109,156.2 2 0
github.com/b0shka/services/internal/repository/folders.go:158.86,161.2 2 0
github.com/b0shka/services/internal/repository/folders.go:163.94,165.16 2 0
github.com/b0shka/services/internal/repository/folders.go:165.16,167.3 1 0
github.com/b0shka/services/internal/repository/folders.go:169.2,170.12 2 0
github.com/b0shka/services/internal/repository/folders.go:173.102,175.16 2 0
github.com/b0shka/services/internal/repository/folders.go:175.16,177.3 1 0
github.com/b0shka/services/internal/repository/folders.go:179.2,180.12 2 0
github.com/b0shka/services/internal/repository/folders.go:183.99,185.16 2 0
github.com/b0shka/services/internal/repository/folders.go:185.16,187.3 1 0
github.com/b0shka/services/internal/repository/folders.go:189.2,190.12 2 0
github.com/b0shka/services/internal/repository/repository.go:63.75,70.2 1 1
github.com/b0shka/services/internal/repository/settings.go:18.56,20.2 1 1
github.com/b0shka/services/internal/repository/settings.go:22.99,27.2 3 0
github.com/b0shka/services/internal/repository/settings.go:35.80,38.2 2 0
github.com/b0shka/services/internal/repository/users.go:19.50,21.2 1 1
github.com/b0shka/services/internal/repository/users.go:33.91,36.110 2 0
github.com/b0shka/services/internal/repository/users.go:36.110,37.43 1 0
github.com/b0shka/services/internal/repository/users.go:37.43,39.4 1 0
github.com/b0shka/services/internal/repository/users.go:40.3,40.33 1 0
github.com/b0shka/services/internal/repository/users.go:43.2,43.18 1 0
github.com/b0shka/services/internal/repository/users.go:46.106,49.75 2 0
github.com/b0shka/services/internal/repository/users.go:49.75,50.43 1 0
github.com/b0shka/services/internal/repository/users.go:50.43,52.4 1 0
github.com/b0shka/services/internal/repository/users.go:53.3,53.42 1 0
github.com/b0shka/services/internal/repository/users.go:56.2,56.18 1 0
github.com/b0shka/services/internal/repository/users.go:69.87,72.2 2 1
github.com/b0shka/services/internal/repository/users.go:74.105,77.120 2 1
github.com/b0shka/services/internal/repository/users.go:77.120,78.43 1 0
github.com/b0shka/services/internal/repository/users.go:78.43,80.4 1 0
github.com/b0shka/services/internal/repository/users.go:81.3,81.36 1 0
github.com/b0shka/services/internal/repository/users.go:84.2,84.21 1 1
github.com/b0shka/services/internal/service/accounts.go:31.20,36.2 1 0
github.com/b0shka/services/internal/service/accounts.go:38.29,45.2 5 0
github.com/b0shka/services/internal/service/accounts.go:47.95,50.2 2 0
github.com/b0shka/services/internal/service/accounts.go:52.91,59.2 5 0
github.com/b0shka/services/internal/service/accounts.go:61.91,64.2 2 0
github.com/b0shka/services/internal/service/accounts.go:66.91,68.16 2 0
github.com/b0shka/services/internal/service/accounts.go:68.16,70.3 1 0
github.com/b0shka/services/internal/service/accounts.go:72.2,72.53 1 0
github.com/b0shka/services/internal/service/accounts.go:72.53,74.3 1 0
github.com/b0shka/services/internal/service/accounts.go:76.2,77.12 2 0
github.com/b0shka/services/internal/service/accounts.go:80.100,83.2 2 0
github.com/b0shka/services/internal/service/accounts.go:85.94,87.16 2 0
github.com/b0shka/services/internal/service/accounts.go:87.16,89.3 1 0
github.com/b0shka/services/internal/service/accounts.go:91.2,91.35 1 0
github.com/b0shka/services/internal/service/accounts.go:91.35,92.52 1 0
github.com/b0shka/services/internal/service/accounts.go:92.52,99.18 6 0
github.com/b0shka/services/internal/service/accounts.go:99.18,101.5 1 0
github.com/b0shka/services/internal/service/accounts.go:103.4,103.33 1 0
github.com/b0shka/services/internal/service/accounts.go:103.33,105.19 2 0
github.com/b0shka/services/internal/service/accounts.go:105.19,107.6 1 0
github.com/b0shka/services/internal/service/accounts.go:112.2,112.12 1 0
github.com/b0shka/services/internal/service/accounts.go:115.93,117.16 2 0
github.com/b0shka/services/internal/service/accounts.go:117.16,119.3 1 0
github.com/b0shka/services/internal/service/accounts.go:121.2,122.16 2 0
github.com/b0shka/services/internal/service/accounts.go:122.16,124.3 1 0
github.com/b0shka/services/internal/service/accounts.go:126.2,126.35 1 0
github.com/b0shka/services/internal/service/accounts.go:126.35,127.52 1 0
github.com/b0shka/services/internal/service/accounts.go:127.52,135.18 7 0
github.com/b0shka/services/internal/service/accounts.go:135.18,137.5 1 0
github.com/b0shka/services/internal/service/accounts.go:138.4,138.31 1 0
github.com/b0shka/services/internal/service/accounts.go:142.2,142.12 1 0
github.com/b0shka/services/internal/service/auth.go:36.16,44.2 1 1
github.com/b0shka/services/internal/service/auth.go:46.108,48.16 2 1
github.com/b0shka/services/internal/service/auth.go:48.16,50.3 1 0
github.com/b0shka/services/internal/service/auth.go:52.2,57.16 3 1
github.com/b0shka/services/internal/service/auth.go:57.16,59.3 1 1
github.com/b0shka/services/internal/service/auth.go:61.2,62.16 2 0
github.com/b0shka/services/internal/service/auth.go:62.16,64.3 1 0
github.com/b0shka/services/internal/service/auth.go:66.2,79.16 4 0
github.com/b0shka/services/internal/service/auth.go:79.16,81.3 1 0
github.com/b0shka/services/internal/service/auth.go:83.2,83.20 1 0
github.com/b0shka/services/internal/service/auth.go:86.111,91.16 2 0
github.com/b0shka/services/internal/service/auth.go:91.16,93.3 1 0
github.com/b0shka/services/internal/service/auth.go:95.2,99.16 2 0
github.com/b0shka/services/internal/service/auth.go:99.16,101.3 1 0
github.com/b0shka/services/internal/service/auth.go:103.2,119.65 3 0
github.com/b0shka/services/internal/service/auth.go:119.65,121.3 1 0
github.com/b0shka/services/internal/service/auth.go:123.2,123.17 1 0
github.com/b0shka/services/internal/service/auth.go:129.43,133.16 3 1
github.com/b0shka/services/internal/service/auth.go:133.16,135.3 1 1
github.com/b0shka/services/internal/service/auth.go:137.2,138.16 2 0
github.com/b0shka/services/internal/service/auth.go:138.16,140.3 1 0
github.com/b0shka/services/internal/service/auth.go:142.2,142.23 1 0
github.com/b0shka/services/internal/service/auth.go:142.23,144.3 1 0
github.com/b0shka/services/internal/service/auth.go:146.2,146.45 1 0
github.com/b0shka/services/internal/service/auth.go:146.45,148.3 1 0
github.com/b0shka/services/internal/service/auth.go:150.2,150.46 1 0
github.com/b0shka/services/internal/service/auth.go:150.46,152.3 1 0
github.com/b0shka/services/internal/service/auth.go:154.2,154.41 1 0
github.com/b0shka/services/internal/service/auth.go:154.41,156.3 1 0
github.com/b0shka/services/internal/service/auth.go:158.2,162.16 2 0
github.com/b0shka/services/internal/service/auth.go:162.16,164.3 1 0
github.com/b0shka/services/internal/service/auth.go:166.2,168.17 2 0
github.com/b0shka/services/internal/service/folders.go:26.19,31.2 1 0
github.com/b0shka/services/internal/service/folders.go:33.99,35.16 2 0
github.com/b0shka/services/internal/service/folders.go:35.16,37.3 1 0
github.com/b0shka/services/internal/service/folders.go:39.2,40.16 2 0
github.com/b0shka/services/internal/service/folders.go:40.16,42.3 1 0
github.com/b0shka/services/internal/service/folders.go:44.2,45.17 2 0
github.com/b0shka/services/internal/service/folders.go:48.82,51.2 2 0
github.com/b0shka/services/internal/service/folders.go:53.106,56.2 2 0
github.com/b0shka/services/internal/service/folders.go:58.113,60.16 2 0
github.com/b0shka/services/internal/service/folders.go:60.16,62.3 1 0
github.com/b0shka/services/internal/service/folders.go:64.2,64.20 1 0
github.com/b0shka/services/internal/service/folders.go:67.137,69.16 2 0
github.com/b0shka/services/internal/service/folders.go:69.16,71.3 1 0
github.com/b0shka/services/internal/service/folders.go:73.2,74.16 2 0
github.com/b0shka/services/internal/service/folders.go:74.16,76.3 1 0
github.com/b0shka/services/internal/service/folders.go:78.2,80.16 3 0
github.com/b0shka/services/internal/service/folders.go:80.16,82.3 1 0
github.com/b0shka/services/internal/service/folders.go:83.2,83.36 1 0
github.com/b0shka/services/internal/service/folders.go:83.36,84.40 1 0
github.com/b0shka/services/internal/service/folders.go:84.40,86.4 1 0
github.com/b0shka/services/internal/service/folders.go:89.2,90.16 2 0
github.com/b0shka/services/internal/service/folders.go:90.16,92.3 1 0
github.com/b0shka/services/internal/service/folders.go:94.2,95.16 2 0
github.com/b0shka/services/internal/service/folders.go:95.16,97.3 1 0
github.com/b0shka/services/internal/service/folders.go:99.2,100.16 2 0
github.com/b0shka/services/internal/service/folders.go:100.16,102.3 1 0
github.com/b0shka/services/internal/service/folders.go:104.2,105.24 2 0
github.com/b0shka/services/internal/service/folders.go:108.59,110.16 2 0
github.com/b0shka/services/internal/service/folders.go:110.16,112.3 1 0
github.com/b0shka/services/internal/service/folders.go:114.2,114.22 1 0
github.com/b0shka/services/internal/service/folders.go:117.125,119.16 2 0
github.com/b0shka/services/internal/service/folders.go:119.16,121.3 1 0
github.com/b0shka/services/internal/service/folders.go:122.2,127.17 4 0
github.com/b0shka/services/internal/service/folders.go:127.17,129.17 2 0
github.com/b0shka/services/internal/service/folders.go:129.17,131.4 1 0
github.com/b0shka/services/internal/service/folders.go:132.3,133.17 2 0
github.com/b0shka/services/internal/service/folders.go:133.17,135.4 1 0
github.com/b0shka/services/internal/service/folders.go:136.3,136.38 1 0
github.com/b0shka/services/internal/service/folders.go:137.8,139.3 1 0
github.com/b0shka/services/internal/service/folders.go:141.2,142.16 2 0
github.com/b0shka/services/internal/service/folders.go:142.16,144.3 1 0
github.com/b0shka/services/internal/service/folders.go:146.2,146.33 1 0
github.com/b0shka/services/internal/service/folders.go:146.33,147.55 1 0
github.com/b0shka/services/internal/service/folders.go:147.55,152.24 4 0
github.com/b0shka/services/internal/service/folders.go:152.24,153.35 1 0
github.com/b0shka/services/internal/service/folders.go:153.35,155.11 2 0
github.com/b0shka/services/internal/service/folders.go:158.5,159.19 2 0
github.com/b0shka/services/internal/service/folders.go:159.19,161.6 1 0
github.com/b0shka/services/internal/service/folders.go:162.5,163.19 2 0
github.com/b0shka/services/internal/service/folders.go:163.19,165.6 1 0
github.com/b0shka/services/internal/service/folders.go:166.5,169.19 3 0
github.com/b0shka/services/internal/service/folders.go:169.19,171.6 1 0
github.com/b0shka/services/internal/service/folders.go:172.5,172.31 1 0
github.com/b0shka/services/internal/service/folders.go:175.4,175.19 1 0
github.com/b0shka/services/internal/service/folders.go:175.19,177.5 1 0
github.com/b0shka/services/internal/service/folders.go:181.2,181.42 1 0
github.com/b0shka/services/internal/service/folders.go:181.42,183.3 1 0
github.com/b0shka/services/internal/service/folders.go:185.2,186.42 2 0
github.com/b0shka/services/internal/service/folders.go:186.42,187.23 1 0
github.com/b0shka/services/internal/service/folders.go:187.23,189.4 1 0
github.com/b0shka/services/internal/service/folders.go:192.2,192.28 1 0
github.com/b0shka/services/internal/service/folders.go:195.138,200.16 4 0
github.com/b0shka/services/internal/service/folders.go:200.16,202.3 1 0
github.com/b0shka/services/internal/service/folders.go:204.2,204.33 1 0
github.com/b0shka/services/internal/service/folders.go:204.33,206.3 1 0
github.com/b0shka/services/internal/service/folders.go:208.2,208.6 1 0
github.com/b0shka/services/internal/service/folders.go:208.6,210.17 2 0
github.com/b0shka/services/internal/service/folders.go:210.17,212.4 1 0
github.com/b0shka/services/internal/service/folders.go:214.3,215.29 2 0
github.com/b0shka/services/internal/service/folders.go:215.29,216.9 1 0
github.com/b0shka/services/internal/service/folders.go:219.3,220.17 2 0
github.com/b0shka/services/internal/service/folders.go:220.17,222.4 1 0
github.com/b0shka/services/internal/service/folders.go:225.2,226.32 2 0
github.com/b0shka/services/internal/service/folders.go:229.72,233.37 3 0
github.com/b0shka/services/internal/service/folders.go:233.37,236.3 2 0
github.com/b0shka/services/internal/service/folders.go:238.2,238.10 1 0
github.com/b0shka/services/internal/service/folders.go:241.100,244.2 2 0
github.com/b0shka/services/internal/service/folders.go:246.102,249.2 2 0
github.com/b0shka/services/internal/service/folders.go:251.106,254.2 2 0
github.com/b0shka/services/internal/service/folders.go:256.118,259.2 2 0
github.com/b0shka/services/internal/service/folders.go:261.112,264.2 2 0
github.com/b0shka/services/internal/service/folders.go:266.112,269.2 2 0
github.com/b0shka/services/internal/service/folders.go:271.89,274.2 2 0
github.com/b0shka/services/internal/service/folders.go:276.115,278.16 2 0
github.com/b0shka/services/internal/service/folders.go:278.16,280.3 1 0
github.com/b0shka/services/internal/service/folders.go:282.2,283.16 2 0
github.com/b0shka/services/internal/service/folders.go:283.16,285.3 1 0
github.com/b0shka/services/internal/service/folders.go:287.2,288.16 2 0
github.com/b0shka/services/internal/service/folders.go:288.16,290.3 1 0
github.com/b0shka/services/internal/service/folders.go:292.2,293.35 2 0
github.com/b0shka/services/internal/service/folders.go:293.35,294.28 1 0
github.com/b0shka/services/internal/service/folders.go:294.28,296.4 1 0
github.com/b0shka/services/internal/service/folders.go:299.2,299.36 1 0
github.com/b0shka/services/internal/service/folders.go:299.36,300.62 1 0
github.com/b0shka/services/internal/service/folders.go:300.62,302.4 1 0
github.com/b0shka/services/internal/service/folders.go:303.8,303.34 1 0
github.com/b0shka/services/internal/service/folders.go:303.34,304.28 1 0
github.com/b0shka/services/internal/service/folders.go:304.28,306.4 1 0
github.com/b0shka/services/internal/service/folders.go:307.8,307.81 1 0
github.com/b0shka/services/internal/service/folders.go:307.81,308.28 1 0
github.com/b0shka/services/internal/service/folders.go:308.28,310.4 1 0
github.com/b0shka/services/internal/service/folders.go:311.8,311.80 1 0
github.com/b0shka/services/internal/service/folders.go:311.80,312.37 1 0
github.com/b0shka/services/internal/service/folders.go:312.37,314.4 1 0
github.com/b0shka/services/internal/service/folders.go:315.8,315.37 1 0
github.com/b0shka/services/internal/service/folders.go:315.37,316.68 1 0
github.com/b0shka/services/internal/service/folders.go:316.68,318.4 1 0
github.com/b0shka/services/internal/service/folders.go:319.8,319.40 1 0
github.com/b0shka/services/internal/service/folders.go:319.40,320.34 1 0
github.com/b0shka/services/internal/service/folders.go:320.34,322.4 1 0
github.com/b0shka/services/internal/service/folders.go:323.8,323.31 1 0
github.com/b0shka/services/internal/service/folders.go:323.31,325.3 1 0
github.com/b0shka/services/internal/service/folders.go:327.2,327.12 1 0
github.com/b0shka/services/internal/service/folders.go:330.97,332.16 2 0
github.com/b0shka/services/internal/service/folders.go:332.16,334.3 1 0
github.com/b0shka/services/internal/service/folders.go:336.2,337.12 2 0
github.com/b0shka/services/internal/service/folders.go:340.105,342.16 2 0
github.com/b0shka/services/internal/service/folders.go:342.16,344.3 1 0
github.com/b0shka/services/internal/service/folders.go:346.2,347.12 2 0
github.com/b0shka/services/internal/service/folders.go:350.102,352.16 2 0
github.com/b0shka/services/internal/service/folders.go:352.16,354.3 1 0
github.com/b0shka/services/internal/service/folders.go:356.2,357.12 2 0
github.com/b0shka/services/internal/service/service.go:73.39,92.2 1 0
github.com/b0shka/services/internal/service/settings.go:13.68,15.2 1 0
github.com/b0shka/services/internal/service/settings.go:17.86,20.2 2 0
github.com/b0shka/services/internal/service/settings.go:22.98,30.2 3 0
github.com/b0shka/services/internal/handler/accounts.go:13.64,15.2 2 1
github.com/b0shka/services/internal/handler/accounts.go:15.2,22.3 6 1
github.com/b0shka/services/internal/handler/accounts.go:37.49,39.16 2 0
github.com/b0shka/services/internal/handler/accounts.go:39.16,42.3 2 0
github.com/b0shka/services/internal/handler/accounts.go:44.2,45.16 2 0
github.com/b0shka/services/internal/handler/accounts.go:45.16,48.3 2 0
github.com/b0shka/services/internal/handler/accounts.go:50.2,60.16 9 0
github.com/b0shka/services/internal/handler/accounts.go:60.16,63.3 2 0
github.com/b0shka/services/internal/handler/accounts.go:64.2,68.16 4 0
github.com/b0shka/services/internal/handler/accounts.go:68.16,71.3 2 0
github.com/b0shka/services/internal/handler/accounts.go:73.2,73.12 1 0
github.com/b0shka/services/internal/handler/accounts.go:73.12,77.74 3 0
github.com/b0shka/services/internal/handler/accounts.go:77.74,81.4 3 0
github.com/b0shka/services/internal/handler/accounts.go:83.3,83.70 1 0
github.com/b0shka/services/internal/handler/accounts.go:83.70,86.4 2 0
github.com/b0shka/services/internal/handler/accounts.go:88.3,89.26 2 0
github.com/b0shka/services/internal/handler/accounts.go:90.8,92.3 1 0
github.com/b0shka/services/internal/handler/accounts.go:107.49,110.51 2 0
github.com/b0shka/services/internal/handler/accounts.go:110.51,113.3 2 0
github.com/b0shka/services/internal/handler/accounts.go:115.2,116.16 2 0
github.com/b0shka/services/internal/handler/accounts.go:116.16,119.3 2 0
github.com/b0shka/services/internal/handler/accounts.go:120.2,123.16 3 0
github.com/b0shka/services/internal/handler/accounts.go:123.16,126.3 2 0
github.com/b0shka/services/internal/handler/accounts.go:127.2,129.69 2 0
github.com/b0shka/services/internal/handler/accounts.go:129.69,132.3 2 0
github.com/b0shka/services/internal/handler/accounts.go:134.2,135.25 2 0
github.com/b0shka/services/internal/handler/accounts.go:149.49,151.16 2 0
github.com/b0shka/services/internal/handler/accounts.go:151.16,154.3 2 0
github.com/b0shka/services/internal/handler/accounts.go:156.2,156.65 1 0
github.com/b0shka/services/internal/handler/accounts.go:156.65,159.3 2 0
github.com/b0shka/services/internal/handler/accounts.go:161.2,162.25 2 0
github.com/b0shka/services/internal/handler/accounts.go:176.52,178.16 2 0
github.com/b0shka/services/internal/handler/accounts.go:178.16,181.3 2 0
github.com/b0shka/services/internal/handler/accounts.go:183.2,183.74 1 0
github.com/b0shka/services/internal/handler/accounts.go:183.74,186.3 2 0
github.com/b0shka/services/internal/handler/accounts.go:188.2,189.25 2 0
github.com/b0shka/services/internal/handler/accounts.go:203.46,205.16 2 0
github.com/b0shka/services/internal/handler/accounts.go:205.16,208.3 2 0
github.com/b0shka/services/internal/handler/accounts.go:210.2,210.12 1 0
github.com/b0shka/services/internal/handler/accounts.go:210.12,211.69 1 0
github.com/b0shka/services/internal/handler/accounts.go:211.69,214.4 2 0
github.com/b0shka/services/internal/handler/accounts.go:217.2,218.25 2 0
github.com/b0shka/services/internal/handler/accounts.go:232.45,234.16 2 0
github.com/b0shka/services/internal/handler/accounts.go:234.16,237.3 2 0
github.com/b0shka/services/internal/handler/accounts.go:239.2,239.12 1 0
github.com/b0shka/services/internal/handler/accounts.go:239.12,240.68 1 0
github.com/b0shka/services/internal/handler/accounts.go:240.68,243.4 2 0
github.com/b0shka/services/internal/handler/accounts.go:246.2,247.25 2 0
github.com/b0shka/services/internal/handler/auth.go:12.56,14.2 2 1
github.com/b0shka/services/internal/handler/auth.go:14.2,17.3 2 1
github.com/b0shka/services/internal/handler/auth.go:43.41,45.41 2 1
github.com/b0shka/services/internal/handler/auth.go:45.41,49.3 2 1
github.com/b0shka/services/internal/handler/auth.go:51.2,52.16 2 1
github.com/b0shka/services/internal/handler/auth.go:52.16,53.45 1 1
github.com/b0shka/services/internal/handler/auth.go:53.45,56.4 2 0
github.com/b0shka/services/internal/handler/auth.go:58.3,59.9 2 1
github.com/b0shka/services/internal/handler/auth.go:62.2,62.46 1 1
github.com/b0shka/services/internal/handler/auth.go:85.48,87.41 2 1
github.com/b0shka/services/internal/handler/auth.go:87.41,91.3 2 1
github.com/b0shka/services/internal/handler/auth.go:93.2,94.16 2 1
github.com/b0shka/services/internal/handler/auth.go:94.16,99.43 1 1
github.com/b0shka/services/internal/handler/auth.go:99.43,103.4 2 1
github.com/b0shka/services/internal/handler/auth.go:105.3,107.9 2 1
github.com/b0shka/services/internal/handler/auth.go:110.2,110.53 1 1
github.com/b0shka/services/internal/handler/folders.go:11.64,13.2 2 1
github.com/b0shka/services/internal/handler/folders.go:13.2,31.3 16 1
github.com/b0shka/services/internal/handler/folders.go:50.46,52.16 2 0
github.com/b0shka/services/internal/handler/folders.go:52.16,55.3 2 0
github.com/b0shka/services/internal/handler/folders.go:57.2,57.51 1 0
github.com/b0shka/services/internal/handler/folders.go:72.48,76.31 3 0
github.com/b0shka/services/internal/handler/folders.go:76.31,78.3 1 0
github.com/b0shka/services/internal/handler/folders.go:78.8,80.3 1 0
github.com/b0shka/services/internal/handler/folders.go:82.2,82.44 1 0
github.com/b0shka/services/internal/handler/folders.go:82.44,85.3 2 0
github.com/b0shka/services/internal/handler/folders.go:87.2,92.61 5 0
github.com/b0shka/services/internal/handler/folders.go:92.61,95.3 2 0
github.com/b0shka/services/internal/handler/folders.go:97.2,98.25 2 0
github.com/b0shka/services/internal/handler/folders.go:121.49,123.16 2 0
github.com/b0shka/services/internal/handler/folders.go:123.16,126.3 2 0
github.com/b0shka/services/internal/handler/folders.go:128.2,129.16 2 0
github.com/b0shka/services/internal/handler/folders.go:129.16,132.3 2 0
github.com/b0shka/services/internal/handler/folders.go:134.2,134.50 1 0
github.com/b0shka/services/internal/handler/folders.go:148.50,150.16 2 0
github.com/b0shka/services/internal/handler/folders.go:150.16,153.3 2 0
github.com/b0shka/services/internal/handler/folders.go:155.2,156.16 2 0
github.com/b0shka/services/internal/handler/folders.go:156.16,159.3 2 0
github.com/b0shka/services/internal/handler/folders.go:161.2,161.35 1 0
github.com/b0shka/services/internal/handler/folders.go:176.46,178.16 2 0
github.com/b0shka/services/internal/handler/folders.go:178.16,181.3 2 0
github.com/b0shka/services/internal/handler/folders.go:183.2,184.48 2 0
github.com/b0shka/services/internal/handler/folders.go:184.48,187.3 2 0
github.com/b0shka/services/internal/handler/folders.go:189.2,189.78 1 0
github.com/b0shka/services/internal/handler/folders.go:189.78,192.3 2 0
github.com/b0shka/services/internal/handler/folders.go:194.2,195.25 2 0
github.com/b0shka/services/internal/handler/folders.go:210.48,212.16 2 0
github.com/b0shka/services/internal/handler/folders.go:212.16,215.3 2 0
github.com/b0shka/services/internal/handler/folders.go:217.2,218.48 2 0
github.com/b0shka/services/internal/handler/folders.go:218.48,221.3 2 0
github.com/b0shka/services/internal/handler/folders.go:223.2,223.80 1 0
github.com/b0shka/services/internal/handler/folders.go:223.80,226.3 2 0
github.com/b0shka/services/internal/handler/folders.go:228.2,229.25 2 0
github.com/b0shka/services/internal/handler/folders.go:244.46,246.16 2 0
github.com/b0shka/services/internal/handler/folders.go:246.16,249.3 2 0
github.com/b0shka/services/internal/handler/folders.go:251.2,252.48 2 0
github.com/b0shka/services/internal/handler/folders.go:252.48,255.3 2 0
github.com/b0shka/services/internal/handler/folders.go:257.2,257.84 1 0
github.com/b0shka/services/internal/handler/folders.go:257.84,260.3 2 0
github.com/b0shka/services/internal/handler/folders.go:262.2,263.25 2 0
github.com/b0shka/services/internal/handler/folders.go:278.51,280.16 2 0
github.com/b0shka/services/internal/handler/folders.go:280.16,283.3 2 0
github.com/b0shka/services/internal/handler/folders.go:285.2,286.53 2 0
github.com/b0shka/services/internal/handler/folders.go:286.53,289.3 2 0
github.com/b0shka/services/internal/handler/folders.go:291.2,291.99 1 0
github.com/b0shka/services/internal/handler/folders.go:291.99,294.3 2 0
github.com/b0shka/services/internal/handler/folders.go:296.2,297.25 2 0
github.com/b0shka/services/internal/handler/folders.go:312.49,314.16 2 0
github.com/b0shka/services/internal/handler/folders.go:314.16,317.3 2 0
github.com/b0shka/services/internal/handler/folders.go:319.2,320.51 2 0
github.com/b0shka/services/internal/handler/folders.go:320.51,323.3 2 0
github.com/b0shka/services/internal/handler/folders.go:325.2,325.93 1 0
github.com/b0shka/services/internal/handler/folders.go:325.93,328.3 2 0
github.com/b0shka/services/internal/handler/folders.go:330.2,331.25 2 0
github.com/b0shka/services/internal/handler/folders.go:346.48,348.16 2 0
github.com/b0shka/services/internal/handler/folders.go:348.16,351.3 2 0
github.com/b0shka/services/internal/handler/folders.go:353.2,354.50 2 0
github.com/b0shka/services/internal/handler/folders.go:354.50,357.3 2 0
github.com/b0shka/services/internal/handler/folders.go:359.2,359.90 1 0
github.com/b0shka/services/internal/handler/folders.go:359.90,362.3 2 0
github.com/b0shka/services/internal/handler/folders.go:364.2,365.25 2 0
github.com/b0shka/services/internal/handler/folders.go:383.48,385.16 2 0
github.com/b0shka/services/internal/handler/folders.go:385.16,388.3 2 0
github.com/b0shka/services/internal/handler/folders.go:390.2,391.16 2 0
github.com/b0shka/services/internal/handler/folders.go:391.16,394.3 2 0
github.com/b0shka/services/internal/handler/folders.go:396.2,396.63 1 0
github.com/b0shka/services/internal/handler/folders.go:396.63,399.3 2 0
github.com/b0shka/services/internal/handler/folders.go:401.2,402.58 2 0
github.com/b0shka/services/internal/handler/folders.go:416.50,418.16 2 0
github.com/b0shka/services/internal/handler/folders.go:418.16,421.3 2 0
github.com/b0shka/services/internal/handler/folders.go:423.2,423.71 1 0
github.com/b0shka/services/internal/handler/folders.go:423.71,426.3 2 0
github.com/b0shka/services/internal/handler/folders.go:428.2,429.25 2 0
github.com/b0shka/services/internal/handler/folders.go:443.58,445.16 2 0
github.com/b0shka/services/internal/handler/folders.go:445.16,448.3 2 0
github.com/b0shka/services/internal/handler/folders.go:450.2,450.79 1 0
github.com/b0shka/services/internal/handler/folders.go:450.79,453.3 2 0
github.com/b0shka/services/internal/handler/folders.go:455.2,456.25 2 0
github.com/b0shka/services/internal/handler/folders.go:470.55,472.16 2 0
github.com/b0shka/services/internal/handler/folders.go:472.16,475.3 2 0
github.com/b0shka/services/internal/handler/folders.go:477.2,477.76 1 0
github.com/b0shka/services/internal/handler/folders.go:477.76,480.3 2 0
github.com/b0shka/services/internal/handler/folders.go:482.2,483.25 2 0
github.com/b0shka/services/internal/handler/handler.go:25.12,31.2 1 1
github.com/b0shka/services/internal/handler/handler.go:33.62,42.40 3 1
github.com/b0shka/services/internal/handler/handler.go:42.40,44.3 1 1
github.com/b0shka/services/internal/handler/handler.go:46.2,48.43 2 1
github.com/b0shka/services/internal/handler/handler.go:48.43,50.3 1 1
github.com/b0shka/services/internal/handler/handler.go:52.2,53.2 2 1
github.com/b0shka/services/internal/handler/handler.go:53.2,56.3 2 1
github.com/b0shka/services/internal/handler/handler.go:58.2,58.15 1 1
github.com/b0shka/services/internal/handler/inviting.go:7.60,10.2 3 1
github.com/b0shka/services/internal/handler/inviting.go:10.2,13.3 2 1
github.com/b0shka/services/internal/handler/mapper.go:9.61,11.2 1 1
github.com/b0shka/services/internal/handler/mapper.go:13.66,19.2 1 1
github.com/b0shka/services/internal/handler/mapper.go:21.82,23.2 1 1
github.com/b0shka/services/internal/handler/mapper.go:25.87,29.2 1 1
github.com/b0shka/services/internal/handler/mapper.go:31.86,33.2 1 0
github.com/b0shka/services/internal/handler/mapper.go:35.84,40.2 1 0
github.com/b0shka/services/internal/handler/mapper.go:42.81,51.2 1 0
github.com/b0shka/services/internal/handler/middleware.go:20.37,26.44 5 1
github.com/b0shka/services/internal/handler/middleware.go:26.44,28.3 1 1
github.com/b0shka/services/internal/handler/middleware.go:28.8,30.3 1 0
github.com/b0shka/services/internal/handler/middleware.go:33.62,34.30 1 1
github.com/b0shka/services/internal/handler/middleware.go:34.30,36.17 2 1
github.com/b0shka/services/internal/handler/middleware.go:36.17,40.4 2 1
github.com/b0shka/services/internal/handler/middleware.go:42.3,42.26 1 1
github.com/b0shka/services/internal/handler/middleware.go:46.88,48.35 2 1
github.com/b0shka/services/internal/handler/middleware.go:48.35,50.3 1 1
github.com/b0shka/services/internal/handler/middleware.go:52.2,53.26 2 1
github.com/b0shka/services/internal/handler/middleware.go:53.26,55.3 1 1
github.com/b0shka/services/internal/handler/middleware.go:57.2,58.50 2 1
github.com/b0shka/services/internal/handler/middleware.go:58.50,60.3 1 1
github.com/b0shka/services/internal/handler/middleware.go:62.2,62.49 1 1
github.com/b0shka/services/internal/handler/middleware.go:65.60,67.2 1 1
github.com/b0shka/services/internal/handler/middleware.go:69.81,71.9 2 1
github.com/b0shka/services/internal/handler/middleware.go:71.9,73.3 1 0
github.com/b0shka/services/internal/handler/middleware.go:75.2,76.9 2 1
github.com/b0shka/services/internal/handler/middleware.go:76.9,78.3 1 0
github.com/b0shka/services/internal/handler/middleware.go:80.2,80.21 1 1
github.com/b0shka/services/internal/handler/response.go:12.66,15.2 2 1
github.com/b0shka/services/internal/handler/settings.go:8.65,10.2 2 1
github.com/b0shka/services/internal/handler/settings.go:10.2,13.3 2 1
github.com/b0shka/services/internal/handler/settings.go:27.47,29.16 2 0
github.com/b0shka/services/internal/handler/settings.go:29.16,32.3 2 0
github.com/b0shka/services/internal/handler/settings.go:34.2,34.33 1 0
github.com/b0shka/services/internal/handler/settings.go:54.48,56.41 2 0
github.com/b0shka/services/internal/handler/settings.go:56.41,59.3 2 0
github.com/b0shka/services/internal/handler/settings.go:61.2,61.79 1 0
github.com/b0shka/services/internal/handler/settings.go:61.79,64.3 2 0
github.com/b0shka/services/internal/handler/settings.go:66.2,66.25 1 0
github.com/b0shka/services/pkg/utils/random.go:13.47,14.16 1 1
github.com/b0shka/services/pkg/utils/random.go:14.16,16.3 1 1
github.com/b0shka/services/pkg/utils/random.go:18.2,19.16 2 1
github.com/b0shka/services/pkg/utils/random.go:19.16,21.3 1 0
github.com/b0shka/services/pkg/utils/random.go:23.2,23.29 1 1
github.com/b0shka/services/pkg/utils/random.go:26.47,30.30 3 1
github.com/b0shka/services/pkg/utils/random.go:30.30,32.17 2 1
github.com/b0shka/services/pkg/utils/random.go:32.17,34.4 1 0
github.com/b0shka/services/pkg/utils/random.go:36.3,36.35 1 1
github.com/b0shka/services/pkg/utils/random.go:39.2,39.24 1 1
github.com/b0shka/services/pkg/utils/random.go:42.36,44.16 2 0
github.com/b0shka/services/pkg/utils/random.go:44.16,46.3 1 0
github.com/b0shka/services/pkg/utils/random.go:48.2,48.50 1 0
